<?xml version="1.0" encoding="UTF-8"?>
<!-- Generated by org.testng.reporters.JUnitReportReporter -->
<testsuite skipped="0" hostname="Gaurang-HP" name="com.training.assignment.tests.ELTC_008_Entercoursedescription" tests="1" failures="0" timestamp="2019-12-03T21:47:58 EST" time="37.228" errors="0">
  <testcase name="validLoginTest" time="37.228" classname="com.training.assignment.tests.ELTC_008_Entercoursedescription"/>
</testsuite> <!-- com.training.assignment.tests.ELTC_008_Entercoursedescription -->
