<?xml version="1.0" encoding="UTF-8"?>
<!-- Generated by org.testng.reporters.JUnitReportReporter -->
<testsuite skipped="0" hostname="Gaurang-HP" name="com.training.assignment.tests.ELTC_009_Teacherunsub" tests="1" failures="0" timestamp="2019-12-03T23:32:56 EST" time="29.851" errors="0">
  <testcase name="validLoginTest" time="29.851" classname="com.training.assignment.tests.ELTC_009_Teacherunsub"/>
</testsuite> <!-- com.training.assignment.tests.ELTC_009_Teacherunsub -->
