<?xml version="1.0" encoding="UTF-8"?>
<!-- Generated by org.testng.reporters.JUnitReportReporter -->
<testsuite skipped="0" hostname="Gaurang-HP" name="com.training.assignment.tests.ELTC_007_AddNewTeacher" tests="1" failures="0" timestamp="2019-12-03T20:56:55 EST" time="40.265" errors="0">
  <testcase name="validLoginTest" time="40.265" classname="com.training.assignment.tests.ELTC_007_AddNewTeacher"/>
</testsuite> <!-- com.training.assignment.tests.ELTC_007_AddNewTeacher -->
